This is pdfTeX, Version 3.141592653-2.6-1.40.28 (MiKTeX 25.12) (preloaded format=pdflatex.fmt)
 restricted \write18 enabled.
entering extended mode
(main.tex
LaTeX2e <2025-11-01>
L3 programming layer <2025-12-24>
(C:\Users\insus\AppData\Local\Programs\MiKTeX\tex/latex/ieeetran\IEEEtran.cls
Document Class: IEEEtran 2015/08/26 V1.8b by Michael Shell
-- See the "IEEEtran_HOWTO" manual for usage information.
-- http://www.michaelshell.org/tex/ieeetran/
(C:\Users\insus\AppData\Local\Programs\MiKTeX\tex/latex/psnfss\ot1ptm.fd)
-- Using 8.5in x 11in (letter) paper.
-- Using PDF output.
-- This is a 10 point document.
) (C:\Users\insus\AppData\Local\Programs\MiKTeX\tex/latex/base\inputenc.sty)
(C:\Users\insus\AppData\Local\Programs\MiKTeX\tex/latex/base\fontenc.sty
(C:\Users\insus\AppData\Local\Programs\MiKTeX\tex/latex/psnfss\t1ptm.fd))
(C:\Users\insus\AppData\Local\Programs\MiKTeX\tex/latex/cite\cite.sty)
(C:\Users\insus\AppData\Local\Programs\MiKTeX\tex/latex/amsmath\amsmath.sty
For additional information on amsmath, use the `?' option.
(C:\Users\insus\AppData\Local\Programs\MiKTeX\tex/latex/amsmath\amstext.sty
(C:\Users\insus\AppData\Local\Programs\MiKTeX\tex/latex/amsmath\amsgen.sty))
(C:\Users\insus\AppData\Local\Programs\MiKTeX\tex/latex/amsmath\amsbsy.sty)
(C:\Users\insus\AppData\Local\Programs\MiKTeX\tex/latex/amsmath\amsopn.sty))
(C:\Users\insus\AppData\Local\Programs\MiKTeX\tex/latex/amsfonts\amssymb.sty
(C:\Users\insus\AppData\Local\Programs\MiKTeX\tex/latex/amsfonts\amsfonts.sty))

(C:\Users\insus\AppData\Local\Programs\MiKTeX\tex/latex/algorithms\algorithmic.
sty (C:\Users\insus\AppData\Local\Programs\MiKTeX\tex/latex/base\ifthen.sty)
(C:\Users\insus\AppData\Local\Programs\MiKTeX\tex/latex/graphics\keyval.sty))
(C:\Users\insus\AppData\Local\Programs\MiKTeX\tex/latex/graphics\graphicx.sty
(C:\Users\insus\AppData\Local\Programs\MiKTeX\tex/latex/graphics\graphics.sty
(C:\Users\insus\AppData\Local\Programs\MiKTeX\tex/latex/graphics\trig.sty)
(C:\Users\insus\AppData\Local\Programs\MiKTeX\tex/latex/graphics-cfg\graphics.c
fg)
(C:\Users\insus\AppData\Local\Programs\MiKTeX\tex/latex/graphics-def\pdftex.def
))) (C:\Users\insus\AppData\Local\Programs\MiKTeX\tex/latex/base\textcomp.sty)
(C:\Users\insus\AppData\Local\Programs\MiKTeX\tex/latex/xcolor\xcolor.sty
(C:\Users\insus\AppData\Local\Programs\MiKTeX\tex/latex/graphics-cfg\color.cfg)
(C:\Users\insus\AppData\Local\Programs\MiKTeX\tex/latex/graphics\mathcolor.ltx)
) (C:\Users\insus\AppData\Local\Programs\MiKTeX\tex/latex/booktabs\booktabs.sty
) (C:\Users\insus\AppData\Local\Programs\MiKTeX\tex/latex/multirow\multirow.sty
) (C:\Users\insus\AppData\Local\Programs\MiKTeX\tex/latex/tools\array.sty)
(C:\Users\insus\AppData\Local\Programs\MiKTeX\tex/latex/tools\tabularx.sty)
(C:\Users\insus\AppData\Local\Programs\MiKTeX\tex/latex/url\url.sty)
(C:\Users\insus\AppData\Local\Programs\MiKTeX\tex/latex/hyperref\hyperref.sty
(C:\Users\insus\AppData\Local\Programs\MiKTeX\tex/generic/iftex\iftex.sty)

! LaTeX Error: File `kvsetkeys.sty' not found.

Type X to quit or <RETURN> to proceed,
or enter new name. (Default extension: sty)

Enter file name: 
! Emergency stop.
<read *> 
         
l.124 \RequirePackage{kvsetkeys}[2007/09/29]
                                            ^^M
!  ==> Fatal error occurred, no output PDF file produced!
Transcript written on main.log.
pdflatex: major issue: So far, you have not checked for MiKTeX updates.
